{"numTotalTestSuites":7,"numPassedTestSuites":7,"numFailedTestSuites":0,"numPendingTestSuites":0,"numTotalTests":13,"numPassedTests":7,"numFailedTests":6,"numPendingTests":0,"numTodoTests":0,"startTime":1760894682639,"success":false,"testResults":[{"assertionResults":[{"ancestorTitles":["","Multi-Guild Plugin System","Guild Management"],"fullName":" Multi-Guild Plugin System Guild Management should list all guilds","status":"failed","title":"should list all guilds","duration":17,"failureMessages":["expected 200 \"OK\", got 500 \"Internal Server Error\""],"location":{"line":220,"column":10}},{"ancestorTitles":["","Multi-Guild Plugin System","Guild Management"],"fullName":" Multi-Guild Plugin System Guild Management should get specific guild information","status":"failed","title":"should get specific guild information","duration":4,"failureMessages":["expected 200 \"OK\", got 500 \"Internal Server Error\""],"location":{"line":232,"column":10}},{"ancestorTitles":["","Multi-Guild Plugin System","Guild Management"],"fullName":" Multi-Guild Plugin System Guild Management should get plugins for a specific guild","status":"failed","title":"should get plugins for a specific guild","duration":4,"failureMessages":["expected 200 \"OK\", got 500 \"Internal Server Error\""],"location":{"line":243,"column":10}},{"ancestorTitles":["","Multi-Guild Plugin System","Guild Plugin Management"],"fullName":" Multi-Guild Plugin System Guild Plugin Management should enable a plugin for a guild","status":"passed","title":"should enable a plugin for a guild","duration":0,"failureMessages":[]},{"ancestorTitles":["","Multi-Guild Plugin System","Guild Plugin Management"],"fullName":" Multi-Guild Plugin System Guild Plugin Management should disable a plugin for a guild","status":"passed","title":"should disable a plugin for a guild","duration":0,"failureMessages":[]},{"ancestorTitles":["","Multi-Guild Plugin System","Guild Plugin Management"],"fullName":" Multi-Guild Plugin System Guild Plugin Management should handle non-existent guild","status":"failed","title":"should handle non-existent guild","duration":13,"failureMessages":["expected 404 \"Not Found\", got 500 \"Internal Server Error\""],"location":{"line":346,"column":10}},{"ancestorTitles":["","Multi-Guild Plugin System","Guild Plugin Management"],"fullName":" Multi-Guild Plugin System Guild Plugin Management should handle non-existent plugin","status":"failed","title":"should handle non-existent plugin","duration":5,"failureMessages":["expected 404 \"Not Found\", got 500 \"Internal Server Error\""],"location":{"line":356,"column":10}},{"ancestorTitles":["","Multi-Guild Plugin System","Template Plugin System"],"fullName":" Multi-Guild Plugin System Template Plugin System should list template plugins","status":"passed","title":"should list template plugins","duration":0,"failureMessages":[]},{"ancestorTitles":["","Multi-Guild Plugin System","Template Plugin System"],"fullName":" Multi-Guild Plugin System Template Plugin System should clone a template plugin","status":"passed","title":"should clone a template plugin","duration":0,"failureMessages":[]},{"ancestorTitles":["","Multi-Guild Plugin System","Template Plugin System"],"fullName":" Multi-Guild Plugin System Template Plugin System should require plugin name when cloning","status":"passed","title":"should require plugin name when cloning","duration":0,"failureMessages":[]},{"ancestorTitles":["","Multi-Guild Plugin System","Guild Plugin Execution Context"],"fullName":" Multi-Guild Plugin System Guild Plugin Execution Context should check guild plugin status before execution","status":"passed","title":"should check guild plugin status before execution","duration":0,"failureMessages":[]},{"ancestorTitles":["","Multi-Guild Plugin System","Guild Plugin Execution Context"],"fullName":" Multi-Guild Plugin System Guild Plugin Execution Context should prevent execution when plugin is disabled for guild","status":"passed","title":"should prevent execution when plugin is disabled for guild","duration":1,"failureMessages":[]},{"ancestorTitles":["","Multi-Guild Plugin System","Rate Limiting"],"fullName":" Multi-Guild Plugin System Rate Limiting should apply rate limiting to guild endpoints","status":"failed","title":"should apply rate limiting to guild endpoints","duration":6,"failureMessages":["expected 200 \"OK\", got 500 \"Internal Server Error\""],"location":{"line":605,"column":10}}],"startTime":1760894689648,"endTime":1760894689699,"status":"failed","message":"","name":"G:/DisModular.js/tests/integration/multi-guild.test.js"}]}