{"numTotalTestSuites":18,"numPassedTestSuites":13,"numFailedTestSuites":5,"numPendingTestSuites":0,"numTotalTests":28,"numPassedTests":28,"numFailedTests":0,"numPendingTests":0,"numTodoTests":0,"startTime":1760846315056,"success":false,"testResults":[{"assertionResults":[{"ancestorTitles":["","Integration Tests","Plugin Creation Flow"],"fullName":" Integration Tests Plugin Creation Flow should create, compile, and register a simple plugin","status":"pending","title":"should create, compile, and register a simple plugin","failureMessages":[]},{"ancestorTitles":["","Integration Tests","Plugin Creation Flow"],"fullName":" Integration Tests Plugin Creation Flow should handle complex plugin with variables and conditions","status":"pending","title":"should handle complex plugin with variables and conditions","failureMessages":[]},{"ancestorTitles":["","Integration Tests","Plugin State Management"],"fullName":" Integration Tests Plugin State Management should save and retrieve plugin state","status":"pending","title":"should save and retrieve plugin state","failureMessages":[]},{"ancestorTitles":["","Integration Tests","Plugin State Management"],"fullName":" Integration Tests Plugin State Management should update existing state","status":"pending","title":"should update existing state","failureMessages":[]},{"ancestorTitles":["","Integration Tests","Plugin State Management"],"fullName":" Integration Tests Plugin State Management should return null for non-existent state","status":"pending","title":"should return null for non-existent state","failureMessages":[]},{"ancestorTitles":["","Integration Tests","Plugin Lifecycle"],"fullName":" Integration Tests Plugin Lifecycle should enable and disable plugins","status":"pending","title":"should enable and disable plugins","failureMessages":[]},{"ancestorTitles":["","Integration Tests","Plugin Lifecycle"],"fullName":" Integration Tests Plugin Lifecycle should unregister and re-register plugins","status":"pending","title":"should unregister and re-register plugins","failureMessages":[]},{"ancestorTitles":["","Integration Tests","Security Tests"],"fullName":" Integration Tests Security Tests should reject plugins with dangerous code patterns","status":"pending","title":"should reject plugins with dangerous code patterns","failureMessages":[]},{"ancestorTitles":["","Integration Tests","Security Tests"],"fullName":" Integration Tests Security Tests should accept safe code patterns","status":"pending","title":"should accept safe code patterns","failureMessages":[]},{"ancestorTitles":["","Integration Tests","Database Operations"],"fullName":" Integration Tests Database Operations should retrieve all plugins from database","status":"pending","title":"should retrieve all plugins from database","failureMessages":[]},{"ancestorTitles":["","Integration Tests","Database Operations"],"fullName":" Integration Tests Database Operations should retrieve only enabled plugins","status":"pending","title":"should retrieve only enabled plugins","failureMessages":[]},{"ancestorTitles":["","Integration Tests","Database Operations"],"fullName":" Integration Tests Database Operations should retrieve plugin by ID","status":"pending","title":"should retrieve plugin by ID","failureMessages":[]},{"ancestorTitles":["","Integration Tests","Database Operations"],"fullName":" Integration Tests Database Operations should return null for non-existent plugin","status":"pending","title":"should return null for non-existent plugin","failureMessages":[]},{"ancestorTitles":["","Integration Tests","Database Operations"],"fullName":" Integration Tests Database Operations should delete plugin from database","status":"pending","title":"should delete plugin from database","failureMessages":[]},{"ancestorTitles":["","Integration Tests","Plugin Statistics"],"fullName":" Integration Tests Plugin Statistics should calculate correct statistics","status":"pending","title":"should calculate correct statistics","failureMessages":[]}],"startTime":1760846315056,"endTime":1760846315056,"status":"failed","message":"","name":"G:/DisModular.js/tests/integration.test.js"},{"assertionResults":[],"startTime":1760846315056,"endTime":1760846315056,"status":"failed","message":"Failed to load url lusca (resolved id: lusca) in G:/DisModular.js/tests/integration/access-request.test.js. Does the file exist?","name":"G:/DisModular.js/tests/integration/access-request.test.js"},{"assertionResults":[{"ancestorTitles":["","Multi-Guild Plugin System","Guild Management"],"fullName":" Multi-Guild Plugin System Guild Management should list all guilds","status":"pending","title":"should list all guilds","failureMessages":[]},{"ancestorTitles":["","Multi-Guild Plugin System","Guild Management"],"fullName":" Multi-Guild Plugin System Guild Management should get specific guild information","status":"pending","title":"should get specific guild information","failureMessages":[]},{"ancestorTitles":["","Multi-Guild Plugin System","Guild Management"],"fullName":" Multi-Guild Plugin System Guild Management should get plugins for a specific guild","status":"pending","title":"should get plugins for a specific guild","failureMessages":[]},{"ancestorTitles":["","Multi-Guild Plugin System","Guild Plugin Management"],"fullName":" Multi-Guild Plugin System Guild Plugin Management should enable a plugin for a guild","status":"pending","title":"should enable a plugin for a guild","failureMessages":[]},{"ancestorTitles":["","Multi-Guild Plugin System","Guild Plugin Management"],"fullName":" Multi-Guild Plugin System Guild Plugin Management should disable a plugin for a guild","status":"pending","title":"should disable a plugin for a guild","failureMessages":[]},{"ancestorTitles":["","Multi-Guild Plugin System","Guild Plugin Management"],"fullName":" Multi-Guild Plugin System Guild Plugin Management should handle non-existent guild","status":"pending","title":"should handle non-existent guild","failureMessages":[]},{"ancestorTitles":["","Multi-Guild Plugin System","Guild Plugin Management"],"fullName":" Multi-Guild Plugin System Guild Plugin Management should handle non-existent plugin","status":"pending","title":"should handle non-existent plugin","failureMessages":[]},{"ancestorTitles":["","Multi-Guild Plugin System","Template Plugin System"],"fullName":" Multi-Guild Plugin System Template Plugin System should list template plugins","status":"pending","title":"should list template plugins","failureMessages":[]},{"ancestorTitles":["","Multi-Guild Plugin System","Template Plugin System"],"fullName":" Multi-Guild Plugin System Template Plugin System should clone a template plugin","status":"pending","title":"should clone a template plugin","failureMessages":[]},{"ancestorTitles":["","Multi-Guild Plugin System","Template Plugin System"],"fullName":" Multi-Guild Plugin System Template Plugin System should require plugin name when cloning","status":"pending","title":"should require plugin name when cloning","failureMessages":[]},{"ancestorTitles":["","Multi-Guild Plugin System","Guild Plugin Execution Context"],"fullName":" Multi-Guild Plugin System Guild Plugin Execution Context should check guild plugin status before execution","status":"pending","title":"should check guild plugin status before execution","failureMessages":[]},{"ancestorTitles":["","Multi-Guild Plugin System","Guild Plugin Execution Context"],"fullName":" Multi-Guild Plugin System Guild Plugin Execution Context should prevent execution when plugin is disabled for guild","status":"pending","title":"should prevent execution when plugin is disabled for guild","failureMessages":[]},{"ancestorTitles":["","Multi-Guild Plugin System","Rate Limiting"],"fullName":" Multi-Guild Plugin System Rate Limiting should apply rate limiting to guild endpoints","status":"pending","title":"should apply rate limiting to guild endpoints","failureMessages":[]}],"startTime":1760846315056,"endTime":1760846315056,"status":"failed","message":"","name":"G:/DisModular.js/tests/integration/multi-guild.test.js"},{"assertionResults":[],"startTime":1760846315056,"endTime":1760846315056,"status":"failed","message":"Failed to load url ../../packages/api/src/routes/auth.js (resolved id: ../../packages/api/src/routes/auth.js) in G:/DisModular.js/tests/integration/api/auth-flow.test.js. Does the file exist?","name":"G:/DisModular.js/tests/integration/api/auth-flow.test.js"},{"assertionResults":[],"startTime":1760846315056,"endTime":1760846315056,"status":"failed","message":"Failed to load url ../../packages/api/src/routes/plugins.js (resolved id: ../../packages/api/src/routes/plugins.js) in G:/DisModular.js/tests/integration/api/plugin-crud.test.js. Does the file exist?","name":"G:/DisModular.js/tests/integration/api/plugin-crud.test.js"}]}